Determining size of off64_t failed with the following output:
Change Dir: /Users/elliotfiske/471/FINAL/one_last_time/CMakeFiles/CMakeTmp

Run Build Command:"/Applications/CMake.app/Contents/bin/cmakexbuild" "-project" "CMAKE_TRY_COMPILE.xcodeproj" "build" "-target" "cmTryCompileExec2593230805" "-configuration" "Debug"
** BUILD FAILED **


The following build commands failed:
	CompileC CMAKE_TRY_COMPILE.build/Debug/cmTryCompileExec2593230805.build/Objects-normal/x86_64/OFF64_T.o /Users/elliotfiske/471/FINAL/one_last_time/CMakeFiles/CheckTypeSize/OFF64_T.c normal x86_64 c com.apple.compilers.llvm.clang.1_0.compiler
	Ld Debug/cmTryCompileExec2593230805 normal x86_64
(2 failures)
=== BUILD TARGET cmTryCompileExec2593230805 OF PROJECT CMAKE_TRY_COMPILE WITH CONFIGURATION Debug ===

Check dependencies

Write auxiliary files
/bin/mkdir -p /Users/elliotfiske/471/FINAL/one_last_time/CMakeFiles/CMakeTmp/CMAKE_TRY_COMPILE.build/Debug/cmTryCompileExec2593230805.build/Objects-normal/x86_64
write-file /Users/elliotfiske/471/FINAL/one_last_time/CMakeFiles/CMakeTmp/CMAKE_TRY_COMPILE.build/Debug/cmTryCompileExec2593230805.build/Objects-normal/x86_64/cmTryCompileExec2593230805.LinkFileList

CompileC CMAKE_TRY_COMPILE.build/Debug/cmTryCompileExec2593230805.build/Objects-normal/x86_64/OFF64_T.o /Users/elliotfiske/471/FINAL/one_last_time/CMakeFiles/CheckTypeSize/OFF64_T.c normal x86_64 c com.apple.compilers.llvm.clang.1_0.compiler
    cd /Users/elliotfiske/471/FINAL/one_last_time/CMakeFiles/CMakeTmp
    export LANG=en_US.US-ASCII
    /Applications/Xcode.app/Contents/Developer/Toolchains/XcodeDefault.xctoolchain/usr/bin/clang -x c -arch x86_64 -fmessage-length=0 -fdiagnostics-show-note-include-stack -fmacro-backtrace-limit=0 -Wno-trigraphs -fpascal-strings -O0 -Wno-missing-field-initializers -Wno-missing-prototypes -Wno-return-type -Wno-missing-braces -Wparentheses -Wswitch -Wno-unused-function -Wno-unused-label -Wno-unused-parameter -Wno-unused-variable -Wunused-value -Wno-empty-body -Wno-uninitialized -Wno-unknown-pragmas -Wno-shadow -Wno-four-char-constants -Wno-conversion -Wno-constant-conversion -Wno-int-conversion -Wno-bool-conversion -Wno-enum-conversion -Wno-shorten-64-to-32 -Wpointer-sign -Wno-newline-eof -DCMAKE_INTDIR=\"Debug\" -D_LARGEFILE64_SOURCE=1 -DHAVE_SYS_TYPES_H -DHAVE_STDINT_H -DHAVE_STDDEF_H -isysroot /Applications/Xcode.app/Contents/Developer/Platforms/MacOSX.platform/Developer/SDKs/MacOSX10.10.sdk -fasm-blocks -fstrict-aliasing -Wdeprecated-declarations -mmacosx-version-min=10.10 -g -Wno-sign-conversion -I/Users/elliotfiske/471/FINAL/one_last_time/CMakeFiles/CMakeTmp/Debug/include -I/Applications/Xcode.app/Contents/Developer/Toolchains/XcodeDefault.xctoolchain/usr/include -I/Users/elliotfiske/471/FINAL/one_last_time/CMakeFiles/CMakeTmp/CMAKE_TRY_COMPILE.build/Debug/cmTryCompileExec2593230805.build/DerivedSources/x86_64 -I/Users/elliotfiske/471/FINAL/one_last_time/CMakeFiles/CMakeTmp/CMAKE_TRY_COMPILE.build/Debug/cmTryCompileExec2593230805.build/DerivedSources -Wmost -Wno-four-char-constants -Wno-unknown-pragmas -F/Users/elliotfiske/471/FINAL/one_last_time/CMakeFiles/CMakeTmp/Debug -MMD -MT dependencies -MF /Users/elliotfiske/471/FINAL/one_last_time/CMakeFiles/CMakeTmp/CMAKE_TRY_COMPILE.build/Debug/cmTryCompileExec2593230805.build/Objects-normal/x86_64/OFF64_T.d --serialize-diagnostics /Users/elliotfiske/471/FINAL/one_last_time/CMakeFiles/CMakeTmp/CMAKE_TRY_COMPILE.build/Debug/cmTryCompileExec2593230805.build/Objects-normal/x86_64/OFF64_T.dia -c /Users/elliotfiske/471/FINAL/one_last_time/CMakeFiles/CheckTypeSize/OFF64_T.c -o /Users/elliotfiske/471/FINAL/one_last_time/CMakeFiles/CMakeTmp/CMAKE_TRY_COMPILE.build/Debug/cmTryCompileExec2593230805.build/Objects-normal/x86_64/OFF64_T.o
/Users/elliotfiske/471/FINAL/one_last_time/CMakeFiles/CheckTypeSize/OFF64_T.c:19:12: error: use of undeclared identifier 'off64_t'; did you mean 'off_t'?
  ('0' + ((SIZE / 10000)%10)),
           ^
/Users/elliotfiske/471/FINAL/one_last_time/CMakeFiles/CheckTypeSize/OFF64_T.c:17:22: note: expanded from macro 'SIZE'
#define SIZE (sizeof(off64_t))
                     ^
In file included from /Users/elliotfiske/471/FINAL/one_last_time/CMakeFiles/CheckTypeSize/OFF64_T.c:1:
In file included from /Applications/Xcode.app/Contents/Developer/Platforms/MacOSX.platform/Developer/SDKs/MacOSX10.10.sdk/usr/include/sys/types.h:122:
/Applications/Xcode.app/Contents/Developer/Platforms/MacOSX.platform/Developer/SDKs/MacOSX10.10.sdk/usr/include/sys/_types/_off_t.h:30:25: note: 'off_t' declared here
typedef __darwin_off_t          off_t;
                                ^
/Users/elliotfiske/471/FINAL/one_last_time/CMakeFiles/CheckTypeSize/OFF64_T.c:20:12: error: use of undeclared identifier 'off64_t'; did you mean 'off_t'?
  ('0' + ((SIZE / 1000)%10)),
           ^
/Users/elliotfiske/471/FINAL/one_last_time/CMakeFiles/CheckTypeSize/OFF64_T.c:17:22: note: expanded from macro 'SIZE'
#define SIZE (sizeof(off64_t))
                     ^
In file included from /Users/elliotfiske/471/FINAL/one_last_time/CMakeFiles/CheckTypeSize/OFF64_T.c:1:
In file included from /Applications/Xcode.app/Contents/Developer/Platforms/MacOSX.platform/Developer/SDKs/MacOSX10.10.sdk/usr/include/sys/types.h:122:
/Applications/Xcode.app/Contents/Developer/Platforms/MacOSX.platform/Developer/SDKs/MacOSX10.10.sdk/usr/include/sys/_types/_off_t.h:30:25: note: 'off_t' declared here
typedef __darwin_off_t          off_t;
                                ^
/Users/elliotfiske/471/FINAL/one_last_time/CMakeFiles/CheckTypeSize/OFF64_T.c:21:12: error: use of undeclared identifier 'off64_t'; did you mean 'off_t'?
  ('0' + ((SIZE / 100)%10)),
           ^
/Users/elliotfiske/471/FINAL/one_last_time/CMakeFiles/CheckTypeSize/OFF64_T.c:17:22: note: expanded from macro 'SIZE'
#define SIZE (sizeof(off64_t))
                     ^
In file included from /Users/elliotfiske/471/FINAL/one_last_time/CMakeFiles/CheckTypeSize/OFF64_T.c:1:
In file included from /Applications/Xcode.app/Contents/Developer/Platforms/MacOSX.platform/Developer/SDKs/MacOSX10.10.sdk/usr/include/sys/types.h:122:
/Applications/Xcode.app/Contents/Developer/Platforms/MacOSX.platform/Developer/SDKs/MacOSX10.10.sdk/usr/include/sys/_types/_off_t.h:30:25: note: 'off_t' declared here
typedef __darwin_off_t          off_t;
                                ^
/Users/elliotfiske/471/FINAL/one_last_time/CMakeFiles/CheckTypeSize/OFF64_T.c:22:12: error: use of undeclared identifier 'off64_t'; did you mean 'off_t'?
  ('0' + ((SIZE / 10)%10)),
           ^
/Users/elliotfiske/471/FINAL/one_last_time/CMakeFiles/CheckTypeSize/OFF64_T.c:17:22: note: expanded from macro 'SIZE'
#define SIZE (sizeof(off64_t))
                     ^
In file included from /Users/elliotfiske/471/FINAL/one_last_time/CMakeFiles/CheckTypeSize/OFF64_T.c:1:
In file included from /Applications/Xcode.app/Contents/Developer/Platforms/MacOSX.platform/Developer/SDKs/MacOSX10.10.sdk/usr/include/sys/types.h:122:
/Applications/Xcode.app/Contents/Developer/Platforms/MacOSX.platform/Developer/SDKs/MacOSX10.10.sdk/usr/include/sys/_types/_off_t.h:30:25: note: 'off_t' declared here
typedef __darwin_off_t          off_t;
                                ^
/Users/elliotfiske/471/FINAL/one_last_time/CMakeFiles/CheckTypeSize/OFF64_T.c:23:12: error: use of undeclared identifier 'off64_t'; did you mean 'off_t'?
  ('0' +  (SIZE    % 10)),
           ^
/Users/elliotfiske/471/FINAL/one_last_time/CMakeFiles/CheckTypeSize/OFF64_T.c:17:22: note: expanded from macro 'SIZE'
#define SIZE (sizeof(off64_t))
                     ^
In file included from /Users/elliotfiske/471/FINAL/one_last_time/CMakeFiles/CheckTypeSize/OFF64_T.c:1:
In file included from /Applications/Xcode.app/Contents/Developer/Platforms/MacOSX.platform/Developer/SDKs/MacOSX10.10.sdk/usr/include/sys/types.h:122:
/Applications/Xcode.app/Contents/Developer/Platforms/MacOSX.platform/Developer/SDKs/MacOSX10.10.sdk/usr/include/sys/_types/_off_t.h:30:25: note: 'off_t' declared here
typedef __darwin_off_t          off_t;
                                ^
5 errors generated.

Ld Debug/cmTryCompileExec2593230805 normal x86_64
    cd /Users/elliotfiske/471/FINAL/one_last_time/CMakeFiles/CMakeTmp
    export MACOSX_DEPLOYMENT_TARGET=10.10
    /Applications/Xcode.app/Contents/Developer/Toolchains/XcodeDefault.xctoolchain/usr/bin/clang -arch x86_64 -isysroot /Applications/Xcode.app/Contents/Developer/Platforms/MacOSX.platform/Developer/SDKs/MacOSX10.10.sdk -L/Users/elliotfiske/471/FINAL/one_last_time/CMakeFiles/CMakeTmp/Debug -F/Users/elliotfiske/471/FINAL/one_last_time/CMakeFiles/CMakeTmp/Debug -filelist /Users/elliotfiske/471/FINAL/one_last_time/CMakeFiles/CMakeTmp/CMAKE_TRY_COMPILE.build/Debug/cmTryCompileExec2593230805.build/Objects-normal/x86_64/cmTryCompileExec2593230805.LinkFileList -mmacosx-version-min=10.10 -Wl,-search_paths_first -Wl,-headerpad_max_install_names -Xlinker -dependency_info -Xlinker /Users/elliotfiske/471/FINAL/one_last_time/CMakeFiles/CMakeTmp/CMAKE_TRY_COMPILE.build/Debug/cmTryCompileExec2593230805.build/Objects-normal/x86_64/cmTryCompileExec2593230805_dependency_info.dat -o /Users/elliotfiske/471/FINAL/one_last_time/CMakeFiles/CMakeTmp/Debug/cmTryCompileExec2593230805
ld: file not found: /Users/elliotfiske/471/FINAL/one_last_time/CMakeFiles/CMakeTmp/CMAKE_TRY_COMPILE.build/Debug/cmTryCompileExec2593230805.build/Objects-normal/x86_64/OFF64_T.o
clang: error: linker command failed with exit code 1 (use -v to see invocation)


/Users/elliotfiske/471/FINAL/one_last_time/CMakeFiles/CheckTypeSize/OFF64_T.c:
#include <sys/types.h>
#include <stdint.h>
#include <stddef.h>


#undef KEY
#if defined(__i386)
# define KEY '_','_','i','3','8','6'
#elif defined(__x86_64)
# define KEY '_','_','x','8','6','_','6','4'
#elif defined(__ppc__)
# define KEY '_','_','p','p','c','_','_'
#elif defined(__ppc64__)
# define KEY '_','_','p','p','c','6','4','_','_'
#endif

#define SIZE (sizeof(off64_t))
char info_size[] =  {'I', 'N', 'F', 'O', ':', 's','i','z','e','[',
  ('0' + ((SIZE / 10000)%10)),
  ('0' + ((SIZE / 1000)%10)),
  ('0' + ((SIZE / 100)%10)),
  ('0' + ((SIZE / 10)%10)),
  ('0' +  (SIZE    % 10)),
  ']',
#ifdef KEY
  ' ','k','e','y','[', KEY, ']',
#endif
  '\0'};

#ifdef __CLASSIC_C__
int main(argc, argv) int argc; char *argv[];
#else
int main(int argc, char *argv[])
#endif
{
  int require = 0;
  require += info_size[argc];
  (void)argv;
  return require;
}


